<?xml version="1.0" encoding="UTF-8"?>
<robot generator="Robot 4.1.3 (Python 3.9.0 on win32)" generated="20220329 13:41:33.364" rpa="false" schemaversion="2">
<suite id="s1" name="Login" source="C:\Users\D\Desktop\hani\AutoTest\UI\Tests\Login.robot">
<test id="s1-t1" name="Verify Login in Digikala">
<kw name="first operations" library="CommonFunctionallity" type="SETUP">
<kw name="Set Selenium Speed" library="Selenium2Library">
<arg>${speed}</arg>
<doc>Sets the delay that is waited after each Selenium command.</doc>
<status status="PASS" starttime="20220329 13:41:33.689" endtime="20220329 13:41:33.689"/>
</kw>
<kw name="Set Selenium Timeout" library="Selenium2Library">
<arg>${timeout}</arg>
<doc>Sets the timeout that is used by various keywords.</doc>
<status status="PASS" starttime="20220329 13:41:33.689" endtime="20220329 13:41:33.690"/>
</kw>
<kw name="Open Browser" library="Selenium2Library">
<arg>${url}</arg>
<arg>${browser}</arg>
<doc>Opens a new browser instance to the optional ``url``.</doc>
<msg timestamp="20220329 13:41:33.690" level="INFO">Opening browser 'chrome' to base url 'https://www.digikala.com'.</msg>
<status status="PASS" starttime="20220329 13:41:33.690" endtime="20220329 13:42:13.484"/>
</kw>
<kw name="Maximize Browser Window" library="Selenium2Library">
<doc>Maximizes current browser window.</doc>
<status status="PASS" starttime="20220329 13:42:13.484" endtime="20220329 13:42:13.810"/>
</kw>
<status status="PASS" starttime="20220329 13:41:33.688" endtime="20220329 13:42:13.810"/>
</kw>
<kw name="Enter Information" library="ResourceOfLogin">
<kw name="Wait Until Element Is Visible" library="Selenium2Library">
<arg>${enter/register}</arg>
<doc>Waits until the element ``locator`` is visible.</doc>
<status status="PASS" starttime="20220329 13:42:13.814" endtime="20220329 13:42:14.137"/>
</kw>
<kw name="Click Element" library="Selenium2Library">
<arg>${enter/register}</arg>
<doc>Click the element identified by ``locator``.</doc>
<msg timestamp="20220329 13:42:14.138" level="INFO">Clicking element '//div[@class="d-flex ai-center jc-center relative grow-1" and text()='ورود | ثبت‌نام']'.</msg>
<status status="PASS" starttime="20220329 13:42:14.137" endtime="20220329 13:42:14.367"/>
</kw>
<kw name="Wait Until Element Is Visible" library="Selenium2Library">
<arg>${usernameTextBox}</arg>
<doc>Waits until the element ``locator`` is visible.</doc>
<status status="PASS" starttime="20220329 13:42:14.367" endtime="20220329 13:42:14.821"/>
</kw>
<kw name="Input Text" library="Selenium2Library">
<arg>${usernameTextBox}</arg>
<arg>${emailText}</arg>
<doc>Types the given ``text`` into the text field identified by ``locator``.</doc>
<msg timestamp="20220329 13:42:14.822" level="INFO">Typing text 'hanie.esmaeili.mt@gmail.com' into text field '//input[@type='text' and @name='username']'.</msg>
<status status="PASS" starttime="20220329 13:42:14.821" endtime="20220329 13:42:15.048"/>
</kw>
<kw name="Click Element" library="Selenium2Library">
<arg>${enter}</arg>
<doc>Click the element identified by ``locator``.</doc>
<msg timestamp="20220329 13:42:15.049" level="INFO">Clicking element '//div[text()='ورود']'.</msg>
<status status="PASS" starttime="20220329 13:42:15.048" endtime="20220329 13:42:15.152"/>
</kw>
<kw name="Wait Until Element Is Visible" library="Selenium2Library">
<arg>${passwordTextBox}</arg>
<doc>Waits until the element ``locator`` is visible.</doc>
<status status="PASS" starttime="20220329 13:42:15.152" endtime="20220329 13:42:15.407"/>
</kw>
<kw name="Input Text" library="Selenium2Library">
<arg>${passwordTextBox}</arg>
<arg>${passwordText}</arg>
<doc>Types the given ``text`` into the text field identified by ``locator``.</doc>
<msg timestamp="20220329 13:42:15.408" level="INFO">Typing text '889900mT' into text field '//input[@name='password']'.</msg>
<status status="PASS" starttime="20220329 13:42:15.408" endtime="20220329 13:42:15.515"/>
</kw>
<kw name="Click Element" library="Selenium2Library">
<arg>${confirm}</arg>
<doc>Click the element identified by ``locator``.</doc>
<msg timestamp="20220329 13:42:15.515" level="INFO">Clicking element '//div[text()='تایید']'.</msg>
<status status="PASS" starttime="20220329 13:42:15.515" endtime="20220329 13:42:15.583"/>
</kw>
<status status="PASS" starttime="20220329 13:42:13.813" endtime="20220329 13:42:15.584"/>
</kw>
<kw name="Checking Validity Of Account" library="ResourceOfLogin">
<kw name="Wait Until Element Is Visible" library="Selenium2Library">
<arg>${notificationLocator}</arg>
<doc>Waits until the element ``locator`` is visible.</doc>
<status status="PASS" starttime="20220329 13:42:15.585" endtime="20220329 13:42:20.419"/>
</kw>
<kw name="Click Element" library="Selenium2Library">
<arg>${laterLocator}</arg>
<doc>Click the element identified by ``locator``.</doc>
<msg timestamp="20220329 13:42:20.420" level="INFO">Clicking element '//a[@class='int-subs-btn-link']'.</msg>
<status status="PASS" starttime="20220329 13:42:20.420" endtime="20220329 13:42:20.554"/>
</kw>
<kw name="Wait Until Element Is Visible" library="Selenium2Library">
<arg>${checkAccountInfo}</arg>
<doc>Waits until the element ``locator`` is visible.</doc>
<status status="PASS" starttime="20220329 13:42:20.554" endtime="20220329 13:42:20.649"/>
</kw>
<kw name="Press Keys" library="Selenium2Library">
<arg>${checkAccountInfo}</arg>
<arg>[Return]</arg>
<doc>Simulates the user pressing key(s) to an element or on the active browser.</doc>
<msg timestamp="20220329 13:42:20.649" level="INFO">Sending key(s) ('[Return]',) to //div[@class='pos-relative pointer shrink-0 ml-2 ml-0-lg'] element.</msg>
<msg timestamp="20220329 13:42:21.004" level="INFO">Sending keys [Return]</msg>
<status status="PASS" starttime="20220329 13:42:20.649" endtime="20220329 13:42:21.089"/>
</kw>
<kw name="Page Should Contain" library="Selenium2Library">
<arg>${username}</arg>
<doc>Verifies that current page contains ``text``.</doc>
<msg timestamp="20220329 13:42:21.113" level="INFO">Current page contains text 'هانیه اسماعیلی'.</msg>
<status status="PASS" starttime="20220329 13:42:21.089" endtime="20220329 13:42:21.113"/>
</kw>
<kw name="Capture Page Screenshot" library="Selenium2Library">
<doc>Takes a screenshot of the current page and embeds it into a log file.</doc>
<msg timestamp="20220329 13:42:21.336" level="INFO" html="true">&lt;/td&gt;&lt;/tr&gt;&lt;tr&gt;&lt;td colspan="3"&gt;&lt;a href="selenium-screenshot-2.png"&gt;&lt;img src="selenium-screenshot-2.png" width="800px"&gt;&lt;/a&gt;</msg>
<status status="PASS" starttime="20220329 13:42:21.113" endtime="20220329 13:42:21.336"/>
</kw>
<kw name="Press Keys" library="Selenium2Library">
<arg>${checkAccountInfo}</arg>
<arg>[Return]</arg>
<doc>Simulates the user pressing key(s) to an element or on the active browser.</doc>
<msg timestamp="20220329 13:42:21.337" level="INFO">Sending key(s) ('[Return]',) to //div[@class='pos-relative pointer shrink-0 ml-2 ml-0-lg'] element.</msg>
<msg timestamp="20220329 13:42:22.314" level="INFO">Sending keys [Return]</msg>
<status status="PASS" starttime="20220329 13:42:21.336" endtime="20220329 13:42:22.430"/>
</kw>
<status status="PASS" starttime="20220329 13:42:15.584" endtime="20220329 13:42:22.430"/>
</kw>
<kw name="last operations" library="CommonFunctionallity" type="TEARDOWN">
<kw name="Close Browser" library="Selenium2Library">
<doc>Closes the current browser.</doc>
<status status="PASS" starttime="20220329 13:42:22.432" endtime="20220329 13:42:25.191"/>
</kw>
<status status="PASS" starttime="20220329 13:42:22.431" endtime="20220329 13:42:25.191"/>
</kw>
<doc>this test verifies login in digikala website</doc>
<tag>Login</tag>
<status status="PASS" starttime="20220329 13:41:33.687" endtime="20220329 13:42:25.192"/>
</test>
<doc>Login Test in Digikala</doc>
<status status="PASS" starttime="20220329 13:41:33.366" endtime="20220329 13:42:25.194"/>
</suite>
<statistics>
<total>
<stat pass="1" fail="0" skip="0">All Tests</stat>
</total>
<tag>
<stat pass="1" fail="0" skip="0">Login</stat>
</tag>
<suite>
<stat pass="1" fail="0" skip="0" id="s1" name="Login">Login</stat>
</suite>
</statistics>
<errors>
</errors>
</robot>
