<?xml version="1.0" encoding="UTF-8"?>
<robot generator="Robot 4.1.3 (Python 3.9.0 on win32)" generated="20220329 13:01:24.576" rpa="false" schemaversion="2">
<suite id="s1" name="Login" source="C:\Users\D\Desktop\hani\AutoTest\UI\Tests\Login.robot">
<test id="s1-t1" name="Verify Login in Digikala">
<kw name="first operations" library="CommonFunctionallity" type="SETUP">
<kw name="Set Selenium Speed" library="Selenium2Library">
<arg>${speed}</arg>
<doc>Sets the delay that is waited after each Selenium command.</doc>
<status status="PASS" starttime="20220329 13:01:24.924" endtime="20220329 13:01:24.924"/>
</kw>
<kw name="Set Selenium Timeout" library="Selenium2Library">
<arg>${timeout}</arg>
<doc>Sets the timeout that is used by various keywords.</doc>
<status status="PASS" starttime="20220329 13:01:24.924" endtime="20220329 13:01:24.925"/>
</kw>
<kw name="Open Browser" library="Selenium2Library">
<arg>${url}</arg>
<arg>${browser}</arg>
<doc>Opens a new browser instance to the optional ``url``.</doc>
<msg timestamp="20220329 13:01:24.926" level="INFO">Opening browser 'chrome' to base url 'https://www.digikala.com'.</msg>
<status status="PASS" starttime="20220329 13:01:24.925" endtime="20220329 13:02:15.091"/>
</kw>
<kw name="Maximize Browser Window" library="Selenium2Library">
<doc>Maximizes current browser window.</doc>
<status status="PASS" starttime="20220329 13:02:15.092" endtime="20220329 13:02:15.441"/>
</kw>
<status status="PASS" starttime="20220329 13:01:24.923" endtime="20220329 13:02:15.441"/>
</kw>
<kw name="Enter Information" library="ResourceOfLogin">
<kw name="Wait Until Element Is Visible" library="Selenium2Library">
<arg>${enter/register}</arg>
<doc>Waits until the element ``locator`` is visible.</doc>
<status status="PASS" starttime="20220329 13:02:15.446" endtime="20220329 13:02:15.728"/>
</kw>
<kw name="Click Element" library="Selenium2Library">
<arg>${enter/register}</arg>
<doc>Click the element identified by ``locator``.</doc>
<msg timestamp="20220329 13:02:15.728" level="INFO">Clicking element '//div[@class="d-flex ai-center jc-center relative grow-1" and text()='ورود | ثبت‌نام']'.</msg>
<status status="PASS" starttime="20220329 13:02:15.728" endtime="20220329 13:02:16.044"/>
</kw>
<kw name="Wait Until Element Is Visible" library="Selenium2Library">
<arg>${usernameTextBox}</arg>
<doc>Waits until the element ``locator`` is visible.</doc>
<status status="PASS" starttime="20220329 13:02:16.044" endtime="20220329 13:02:16.496"/>
</kw>
<kw name="Input Text" library="Selenium2Library">
<arg>${usernameTextBox}</arg>
<arg>${emailText}</arg>
<doc>Types the given ``text`` into the text field identified by ``locator``.</doc>
<msg timestamp="20220329 13:02:16.497" level="INFO">Typing text 'hanie.esmaeili.mt@gmail.com' into text field '//input[@type='text' and @name='username']'.</msg>
<status status="PASS" starttime="20220329 13:02:16.496" endtime="20220329 13:02:16.702"/>
</kw>
<kw name="Wait Until Element Is Visible" library="Selenium2Library">
<arg>//p[text()='آخرین اطلاعات را از ما دریافت کنید!']</arg>
<doc>Waits until the element ``locator`` is visible.</doc>
<status status="PASS" starttime="20220329 13:02:16.702" endtime="20220329 13:02:19.037"/>
</kw>
<kw name="Click Element" library="Selenium2Library">
<arg>//a[@class='int-subs-btn-link']</arg>
<doc>Click the element identified by ``locator``.</doc>
<msg timestamp="20220329 13:02:19.037" level="INFO">Clicking element '//a[@class='int-subs-btn-link']'.</msg>
<status status="PASS" starttime="20220329 13:02:19.037" endtime="20220329 13:02:19.138"/>
</kw>
<kw name="Click Element" library="Selenium2Library">
<arg>${enter}</arg>
<doc>Click the element identified by ``locator``.</doc>
<msg timestamp="20220329 13:02:19.139" level="INFO">Clicking element '//div[text()='ورود']'.</msg>
<status status="PASS" starttime="20220329 13:02:19.139" endtime="20220329 13:02:19.235"/>
</kw>
<kw name="Wait Until Element Is Visible" library="Selenium2Library">
<arg>${passwordTextBox}</arg>
<doc>Waits until the element ``locator`` is visible.</doc>
<msg timestamp="20220329 13:03:19.609" level="INFO" html="true">&lt;/td&gt;&lt;/tr&gt;&lt;tr&gt;&lt;td colspan="3"&gt;&lt;a href="selenium-screenshot-118.png"&gt;&lt;img src="selenium-screenshot-118.png" width="800px"&gt;&lt;/a&gt;</msg>
<msg timestamp="20220329 13:03:19.626" level="FAIL">Element '//input[@name='password']' not visible after 1 minute.</msg>
<status status="FAIL" starttime="20220329 13:02:19.235" endtime="20220329 13:03:19.626"/>
</kw>
<kw name="Input Text" library="Selenium2Library">
<arg>${passwordTextBox}</arg>
<arg>${passwordText}</arg>
<doc>Types the given ``text`` into the text field identified by ``locator``.</doc>
<status status="NOT RUN" starttime="20220329 13:03:19.627" endtime="20220329 13:03:19.627"/>
</kw>
<kw name="Click Element" library="Selenium2Library">
<arg>${confirm}</arg>
<doc>Click the element identified by ``locator``.</doc>
<status status="NOT RUN" starttime="20220329 13:03:19.627" endtime="20220329 13:03:19.627"/>
</kw>
<status status="FAIL" starttime="20220329 13:02:15.445" endtime="20220329 13:03:19.628"/>
</kw>
<kw name="Checking Validity Of Account" library="ResourceOfLogin">
<status status="NOT RUN" starttime="20220329 13:03:19.629" endtime="20220329 13:03:19.629"/>
</kw>
<kw name="last operations" library="CommonFunctionallity" type="TEARDOWN">
<kw name="Close Browser" library="Selenium2Library">
<doc>Closes the current browser.</doc>
<status status="PASS" starttime="20220329 13:03:19.630" endtime="20220329 13:03:22.125"/>
</kw>
<status status="PASS" starttime="20220329 13:03:19.629" endtime="20220329 13:03:22.125"/>
</kw>
<doc>this test verifies login in digikala website</doc>
<tag>Login</tag>
<status status="FAIL" starttime="20220329 13:01:24.922" endtime="20220329 13:03:22.126">Element '//input[@name='password']' not visible after 1 minute.</status>
</test>
<doc>Login Test in Digikala</doc>
<status status="FAIL" starttime="20220329 13:01:24.578" endtime="20220329 13:03:22.129"/>
</suite>
<statistics>
<total>
<stat pass="0" fail="1" skip="0">All Tests</stat>
</total>
<tag>
<stat pass="0" fail="1" skip="0">Login</stat>
</tag>
<suite>
<stat pass="0" fail="1" skip="0" id="s1" name="Login">Login</stat>
</suite>
</statistics>
<errors>
</errors>
</robot>
