<?xml version="1.0" encoding="UTF-8"?>
<robot generator="Robot 4.1.3 (Python 3.9.0 on win32)" generated="20220227 13:07:15.410" rpa="false" schemaversion="2">
<suite id="s1" name="CheckAvailability" source="C:\Robot\Test\CheckAvailability.robot">
<test id="s1-t1" name="checking availability of products">
<kw name="first operations" library="CommonFunctionallity" type="SETUP">
<kw name="Set Selenium Speed" library="SeleniumLibrary">
<arg>${speed}</arg>
<doc>Sets the delay that is waited after each Selenium command.</doc>
<status status="PASS" starttime="20220227 13:07:15.842" endtime="20220227 13:07:15.843"/>
</kw>
<kw name="Set Selenium Timeout" library="SeleniumLibrary">
<arg>${timeout}</arg>
<doc>Sets the timeout that is used by various keywords.</doc>
<status status="PASS" starttime="20220227 13:07:15.843" endtime="20220227 13:07:15.844"/>
</kw>
<kw name="Open Browser" library="SeleniumLibrary">
<arg>${url}</arg>
<arg>${browser}</arg>
<doc>Opens a new browser instance to the optional ``url``.</doc>
<msg timestamp="20220227 13:07:15.844" level="INFO">Opening browser 'firefox' to base url 'https://www.digikala.com'.</msg>
<msg timestamp="20220227 13:07:15.847" level="INFO">Firefox driver log is always forced to to: C:\Robot\Test\geckodriver-8.log</msg>
<status status="PASS" starttime="20220227 13:07:15.844" endtime="20220227 13:08:21.060"/>
</kw>
<kw name="Maximize Browser Window" library="SeleniumLibrary">
<doc>Maximizes current browser window.</doc>
<status status="PASS" starttime="20220227 13:08:21.060" endtime="20220227 13:08:21.065"/>
</kw>
<kw name="Sleep" library="BuiltIn">
<arg>2s</arg>
<doc>Pauses the test executed for the given time.</doc>
<msg timestamp="20220227 13:08:23.067" level="INFO">Slept 2 seconds</msg>
<status status="PASS" starttime="20220227 13:08:21.066" endtime="20220227 13:08:23.067"/>
</kw>
<status status="PASS" starttime="20220227 13:07:15.842" endtime="20220227 13:08:23.067"/>
</kw>
<kw name="main operations" library="LoginFunctionallity">
<kw name="Wait Until Element Is Visible" library="SeleniumLibrary">
<arg>//div[@class="d-flex ai-center jc-center relative grow-1" and text()='ورود | ثبت‌نام']</arg>
<doc>Waits until the element ``locator`` is visible.</doc>
<status status="PASS" starttime="20220227 13:08:23.069" endtime="20220227 13:08:23.948"/>
</kw>
<kw name="Click Element" library="SeleniumLibrary">
<arg>//a[@class="relative d-flex ai-center user-select-none Button_module_btn__2510bed4 text-button-2 Button_module_btn_Medium__2510bed4 Button_module_btn_NeutralOutlined__2510bed4 Button_module_btn_Black__2510bed4 radius-medium whitespace-nowrap shrink-0 ml-2 ml-0-lg"]</arg>
<doc>Click the element identified by ``locator``.</doc>
<msg timestamp="20220227 13:08:23.949" level="INFO">Clicking element '//a[@class="relative d-flex ai-center user-select-none Button_module_btn__2510bed4 text-button-2 Button_module_btn_Medium__2510bed4 Button_module_btn_NeutralOutlined__2510bed4 Button_module_btn_Black__2510bed4 radius-medium whitespace-nowrap shrink-0 ml-2 ml-0-lg"]'.</msg>
<status status="PASS" starttime="20220227 13:08:23.949" endtime="20220227 13:08:24.547"/>
</kw>
<kw name="Wait Until Element Is Visible" library="SeleniumLibrary">
<arg>//input[@type='text' and @name='username']</arg>
<doc>Waits until the element ``locator`` is visible.</doc>
<status status="PASS" starttime="20220227 13:08:24.547" endtime="20220227 13:08:31.174"/>
</kw>
<kw name="Input Text" library="SeleniumLibrary">
<arg>//input[@type='text' and @name='username']</arg>
<arg>${email-text}</arg>
<doc>Types the given ``text`` into the text field identified by ``locator``.</doc>
<msg timestamp="20220227 13:08:31.176" level="INFO">Typing text 'hanie.esmaeili.mt@gmail.com' into text field '//input[@type='text' and @name='username']'.</msg>
<status status="PASS" starttime="20220227 13:08:31.175" endtime="20220227 13:08:32.643"/>
</kw>
<kw name="Click Element" library="SeleniumLibrary">
<arg>//div[text()='ورود']</arg>
<doc>Click the element identified by ``locator``.</doc>
<msg timestamp="20220227 13:08:32.644" level="INFO">Clicking element '//div[text()='ورود']'.</msg>
<status status="PASS" starttime="20220227 13:08:32.643" endtime="20220227 13:08:33.381"/>
</kw>
<kw name="Wait Until Element Is Visible" library="SeleniumLibrary">
<arg>//input[@name='password']</arg>
<doc>Waits until the element ``locator`` is visible.</doc>
<status status="PASS" starttime="20220227 13:08:33.381" endtime="20220227 13:08:33.734"/>
</kw>
<kw name="Input Text" library="SeleniumLibrary">
<arg>//input[@name='password']</arg>
<arg>${password-text}</arg>
<doc>Types the given ``text`` into the text field identified by ``locator``.</doc>
<msg timestamp="20220227 13:08:33.734" level="INFO">Typing text '889900mT' into text field '//input[@name='password']'.</msg>
<status status="PASS" starttime="20220227 13:08:33.734" endtime="20220227 13:08:33.886"/>
</kw>
<kw name="Click Element" library="SeleniumLibrary">
<arg>//div[text()='تایید']</arg>
<doc>Click the element identified by ``locator``.</doc>
<msg timestamp="20220227 13:08:33.888" level="INFO">Clicking element '//div[text()='تایید']'.</msg>
<status status="PASS" starttime="20220227 13:08:33.887" endtime="20220227 13:08:34.173"/>
</kw>
<kw name="Wait Until Element Is Visible" library="SeleniumLibrary">
<arg>//div[@class='pos-relative pointer shrink-0 ml-2 ml-0-lg']</arg>
<doc>Waits until the element ``locator`` is visible.</doc>
<status status="PASS" starttime="20220227 13:08:34.174" endtime="20220227 13:08:40.931"/>
</kw>
<kw name="Press Keys" library="SeleniumLibrary">
<arg>//div[@class='pos-relative pointer shrink-0 ml-2 ml-0-lg']</arg>
<arg>[Return]</arg>
<doc>Simulates the user pressing key(s) to an element or on the active browser.</doc>
<msg timestamp="20220227 13:08:40.931" level="INFO">Sending key(s) ('[Return]',) to //div[@class='pos-relative pointer shrink-0 ml-2 ml-0-lg'] element.</msg>
<msg timestamp="20220227 13:08:44.869" level="INFO">Sending keys [Return]</msg>
<status status="PASS" starttime="20220227 13:08:40.931" endtime="20220227 13:08:49.284"/>
</kw>
<kw name="Page Should Contain" library="SeleniumLibrary">
<arg>${user-name}</arg>
<doc>Verifies that current page contains ``text``.</doc>
<msg timestamp="20220227 13:08:52.314" level="INFO">Current page contains text 'هانیه اسماعیلی'.</msg>
<status status="PASS" starttime="20220227 13:08:49.285" endtime="20220227 13:08:52.315"/>
</kw>
<kw name="Capture Page Screenshot" library="SeleniumLibrary">
<doc>Takes a screenshot of the current page and embeds it into a log file.</doc>
<msg timestamp="20220227 13:08:56.812" level="INFO" html="true">&lt;/td&gt;&lt;/tr&gt;&lt;tr&gt;&lt;td colspan="3"&gt;&lt;a href="selenium-screenshot-11.png"&gt;&lt;img src="selenium-screenshot-11.png" width="800px"&gt;&lt;/a&gt;</msg>
<status status="PASS" starttime="20220227 13:08:52.315" endtime="20220227 13:08:56.812"/>
</kw>
<kw name="Press Keys" library="SeleniumLibrary">
<arg>//div[@class='pos-relative pointer shrink-0 ml-2 ml-0-lg']</arg>
<arg>[Return]</arg>
<doc>Simulates the user pressing key(s) to an element or on the active browser.</doc>
<msg timestamp="20220227 13:08:56.814" level="INFO">Sending key(s) ('[Return]',) to //div[@class='pos-relative pointer shrink-0 ml-2 ml-0-lg'] element.</msg>
<msg timestamp="20220227 13:08:57.371" level="INFO">Sending keys [Return]</msg>
<status status="PASS" starttime="20220227 13:08:56.813" endtime="20220227 13:08:57.437"/>
</kw>
<status status="PASS" starttime="20220227 13:08:23.068" endtime="20220227 13:08:57.438"/>
</kw>
<kw name="Check Availability Operations" library="Keywords">
<kw name="Mouse Over" library="SeleniumLibrary">
<arg>//span[text()='دسته‌بندی کالاها']</arg>
<doc>Simulates hovering the mouse over the element ``locator``.</doc>
<msg timestamp="20220227 13:08:57.444" level="INFO">Simulating Mouse Over on element '//span[text()='دسته‌بندی کالاها']'.</msg>
<status status="PASS" starttime="20220227 13:08:57.444" endtime="20220227 13:08:58.144"/>
</kw>
<kw name="Sleep" library="BuiltIn">
<arg>1s</arg>
<doc>Pauses the test executed for the given time.</doc>
<msg timestamp="20220227 13:08:59.147" level="INFO">Slept 1 second</msg>
<status status="PASS" starttime="20220227 13:08:58.145" endtime="20220227 13:08:59.147"/>
</kw>
<kw name="Mouse Over" library="SeleniumLibrary">
<arg>//p[text()='کالای دیجیتال']</arg>
<doc>Simulates hovering the mouse over the element ``locator``.</doc>
<msg timestamp="20220227 13:08:59.148" level="INFO">Simulating Mouse Over on element '//p[text()='کالای دیجیتال']'.</msg>
<status status="PASS" starttime="20220227 13:08:59.147" endtime="20220227 13:08:59.641"/>
</kw>
<kw name="Sleep" library="BuiltIn">
<arg>1s</arg>
<doc>Pauses the test executed for the given time.</doc>
<msg timestamp="20220227 13:09:00.642" level="INFO">Slept 1 second</msg>
<status status="PASS" starttime="20220227 13:08:59.641" endtime="20220227 13:09:00.642"/>
</kw>
<kw name="Click Element" library="SeleniumLibrary">
<arg>//span[text()='اپل']</arg>
<doc>Click the element identified by ``locator``.</doc>
<msg timestamp="20220227 13:09:00.642" level="INFO">Clicking element '//span[text()='اپل']'.</msg>
<status status="PASS" starttime="20220227 13:09:00.642" endtime="20220227 13:09:01.563"/>
</kw>
<kw name="Wait Until Element Is Visible" library="SeleniumLibrary">
<arg>//div[text()='پرفروش‌ترین‌']</arg>
<doc>Waits until the element ``locator`` is visible.</doc>
<status status="PASS" starttime="20220227 13:09:01.564" endtime="20220227 13:09:03.344"/>
</kw>
<kw name="Click Element" library="SeleniumLibrary">
<arg>//div[text()='پرفروش‌ترین‌']</arg>
<doc>Click the element identified by ``locator``.</doc>
<msg timestamp="20220227 13:09:03.345" level="INFO">Clicking element '//div[text()='پرفروش‌ترین‌']'.</msg>
<status status="PASS" starttime="20220227 13:09:03.344" endtime="20220227 13:09:05.497"/>
</kw>
<kw name="Sleep" library="BuiltIn">
<arg>5s</arg>
<doc>Pauses the test executed for the given time.</doc>
<msg timestamp="20220227 13:09:10.499" level="INFO">Slept 5 seconds</msg>
<status status="PASS" starttime="20220227 13:09:05.498" endtime="20220227 13:09:10.499"/>
</kw>
<kw name="Execute Javascript" library="SeleniumLibrary">
<arg>window.scrollTo(0, 2000)</arg>
<doc>Executes the given JavaScript code with possible arguments.</doc>
<msg timestamp="20220227 13:09:10.501" level="INFO">Executing JavaScript:
window.scrollTo(0, 2000)
Without any arguments.</msg>
<status status="PASS" starttime="20220227 13:09:10.499" endtime="20220227 13:09:10.506"/>
</kw>
<kw name="Sleep" library="BuiltIn">
<arg>3s</arg>
<doc>Pauses the test executed for the given time.</doc>
<msg timestamp="20220227 13:09:13.508" level="INFO">Slept 3 seconds</msg>
<status status="PASS" starttime="20220227 13:09:10.506" endtime="20220227 13:09:13.508"/>
</kw>
<kw name="Execute Javascript" library="SeleniumLibrary">
<arg>window.scrollTo(0, 3000)</arg>
<doc>Executes the given JavaScript code with possible arguments.</doc>
<msg timestamp="20220227 13:09:13.509" level="INFO">Executing JavaScript:
window.scrollTo(0, 3000)
Without any arguments.</msg>
<status status="PASS" starttime="20220227 13:09:13.508" endtime="20220227 13:09:14.121"/>
</kw>
<kw name="Sleep" library="BuiltIn">
<arg>3s</arg>
<doc>Pauses the test executed for the given time.</doc>
<msg timestamp="20220227 13:09:17.125" level="INFO">Slept 3 seconds</msg>
<status status="PASS" starttime="20220227 13:09:14.122" endtime="20220227 13:09:17.125"/>
</kw>
<kw name="Execute Javascript" library="SeleniumLibrary">
<arg>window.scrollTo(0, 4000)</arg>
<doc>Executes the given JavaScript code with possible arguments.</doc>
<msg timestamp="20220227 13:09:17.126" level="INFO">Executing JavaScript:
window.scrollTo(0, 4000)
Without any arguments.</msg>
<status status="PASS" starttime="20220227 13:09:17.125" endtime="20220227 13:09:17.274"/>
</kw>
<kw name="Sleep" library="BuiltIn">
<arg>3s</arg>
<doc>Pauses the test executed for the given time.</doc>
<msg timestamp="20220227 13:09:20.276" level="INFO">Slept 3 seconds</msg>
<status status="PASS" starttime="20220227 13:09:17.274" endtime="20220227 13:09:20.276"/>
</kw>
<kw name="Execute Javascript" library="SeleniumLibrary">
<arg>window.scrollTo(0, 5000)</arg>
<doc>Executes the given JavaScript code with possible arguments.</doc>
<msg timestamp="20220227 13:09:20.277" level="INFO">Executing JavaScript:
window.scrollTo(0, 5000)
Without any arguments.</msg>
<status status="PASS" starttime="20220227 13:09:20.276" endtime="20220227 13:09:20.407"/>
</kw>
<kw name="Sleep" library="BuiltIn">
<arg>3s</arg>
<doc>Pauses the test executed for the given time.</doc>
<msg timestamp="20220227 13:09:23.410" level="INFO">Slept 3 seconds</msg>
<status status="PASS" starttime="20220227 13:09:20.408" endtime="20220227 13:09:23.410"/>
</kw>
<kw name="Execute Javascript" library="SeleniumLibrary">
<arg>window.scrollTo(0, 6000)</arg>
<doc>Executes the given JavaScript code with possible arguments.</doc>
<msg timestamp="20220227 13:09:23.411" level="INFO">Executing JavaScript:
window.scrollTo(0, 6000)
Without any arguments.</msg>
<status status="PASS" starttime="20220227 13:09:23.410" endtime="20220227 13:09:23.599"/>
</kw>
<kw name="Sleep" library="BuiltIn">
<arg>3s</arg>
<doc>Pauses the test executed for the given time.</doc>
<msg timestamp="20220227 13:09:26.602" level="INFO">Slept 3 seconds</msg>
<status status="PASS" starttime="20220227 13:09:23.599" endtime="20220227 13:09:26.602"/>
</kw>
<kw name="Execute Javascript" library="SeleniumLibrary">
<arg>window.scrollTo(0, 6500)</arg>
<doc>Executes the given JavaScript code with possible arguments.</doc>
<msg timestamp="20220227 13:09:26.603" level="INFO">Executing JavaScript:
window.scrollTo(0, 6500)
Without any arguments.</msg>
<status status="PASS" starttime="20220227 13:09:26.602" endtime="20220227 13:09:29.192"/>
</kw>
<kw name="Sleep" library="BuiltIn">
<arg>3s</arg>
<doc>Pauses the test executed for the given time.</doc>
<msg timestamp="20220227 13:09:32.194" level="INFO">Slept 3 seconds</msg>
<status status="PASS" starttime="20220227 13:09:29.192" endtime="20220227 13:09:32.194"/>
</kw>
<kw name="Execute Javascript" library="SeleniumLibrary">
<arg>window.scrollTo(0, 7500)</arg>
<doc>Executes the given JavaScript code with possible arguments.</doc>
<msg timestamp="20220227 13:09:32.195" level="INFO">Executing JavaScript:
window.scrollTo(0, 7500)
Without any arguments.</msg>
<status status="PASS" starttime="20220227 13:09:32.194" endtime="20220227 13:09:32.227"/>
</kw>
<kw name="Sleep" library="BuiltIn">
<arg>3s</arg>
<doc>Pauses the test executed for the given time.</doc>
<msg timestamp="20220227 13:09:35.228" level="INFO">Slept 3 seconds</msg>
<status status="PASS" starttime="20220227 13:09:32.227" endtime="20220227 13:09:35.228"/>
</kw>
<kw name="Execute Javascript" library="SeleniumLibrary">
<arg>window.scrollTo(0, 8000)</arg>
<doc>Executes the given JavaScript code with possible arguments.</doc>
<msg timestamp="20220227 13:09:35.229" level="INFO">Executing JavaScript:
window.scrollTo(0, 8000)
Without any arguments.</msg>
<status status="PASS" starttime="20220227 13:09:35.228" endtime="20220227 13:09:35.260"/>
</kw>
<kw name="Sleep" library="BuiltIn">
<arg>3s</arg>
<doc>Pauses the test executed for the given time.</doc>
<msg timestamp="20220227 13:09:38.262" level="INFO">Slept 3 seconds</msg>
<status status="PASS" starttime="20220227 13:09:35.261" endtime="20220227 13:09:38.262"/>
</kw>
<kw name="Execute Javascript" library="SeleniumLibrary">
<arg>window.scrollTo(0, 9000)</arg>
<doc>Executes the given JavaScript code with possible arguments.</doc>
<msg timestamp="20220227 13:09:38.263" level="INFO">Executing JavaScript:
window.scrollTo(0, 9000)
Without any arguments.</msg>
<status status="PASS" starttime="20220227 13:09:38.262" endtime="20220227 13:09:38.334"/>
</kw>
<kw name="Sleep" library="BuiltIn">
<arg>3s</arg>
<doc>Pauses the test executed for the given time.</doc>
<msg timestamp="20220227 13:09:41.335" level="INFO">Slept 3 seconds</msg>
<status status="PASS" starttime="20220227 13:09:38.334" endtime="20220227 13:09:41.335"/>
</kw>
<kw name="Execute Javascript" library="SeleniumLibrary">
<arg>window.scrollTo(0, 9500)</arg>
<doc>Executes the given JavaScript code with possible arguments.</doc>
<msg timestamp="20220227 13:09:41.336" level="INFO">Executing JavaScript:
window.scrollTo(0, 9500)
Without any arguments.</msg>
<status status="PASS" starttime="20220227 13:09:41.335" endtime="20220227 13:09:41.607"/>
</kw>
<kw name="Sleep" library="BuiltIn">
<arg>3s</arg>
<doc>Pauses the test executed for the given time.</doc>
<msg timestamp="20220227 13:09:44.609" level="INFO">Slept 3 seconds</msg>
<status status="PASS" starttime="20220227 13:09:41.607" endtime="20220227 13:09:44.609"/>
</kw>
<kw name="Execute Javascript" library="SeleniumLibrary">
<arg>window.scrollTo(0, 10500)</arg>
<doc>Executes the given JavaScript code with possible arguments.</doc>
<msg timestamp="20220227 13:09:44.610" level="INFO">Executing JavaScript:
window.scrollTo(0, 10500)
Without any arguments.</msg>
<status status="PASS" starttime="20220227 13:09:44.609" endtime="20220227 13:09:44.615"/>
</kw>
<kw name="Sleep" library="BuiltIn">
<arg>3s</arg>
<doc>Pauses the test executed for the given time.</doc>
<msg timestamp="20220227 13:09:47.616" level="INFO">Slept 3 seconds</msg>
<status status="PASS" starttime="20220227 13:09:44.615" endtime="20220227 13:09:47.616"/>
</kw>
<kw name="Execute Javascript" library="SeleniumLibrary">
<arg>window.scrollTo(0, 11500)</arg>
<doc>Executes the given JavaScript code with possible arguments.</doc>
<msg timestamp="20220227 13:09:47.617" level="INFO">Executing JavaScript:
window.scrollTo(0, 11500)
Without any arguments.</msg>
<status status="PASS" starttime="20220227 13:09:47.616" endtime="20220227 13:09:47.624"/>
</kw>
<kw name="Sleep" library="BuiltIn">
<arg>3s</arg>
<doc>Pauses the test executed for the given time.</doc>
<msg timestamp="20220227 13:09:50.624" level="INFO">Slept 3 seconds</msg>
<status status="PASS" starttime="20220227 13:09:47.624" endtime="20220227 13:09:50.624"/>
</kw>
<kw name="Execute Javascript" library="SeleniumLibrary">
<arg>window.scrollTo(0, 12000)</arg>
<doc>Executes the given JavaScript code with possible arguments.</doc>
<msg timestamp="20220227 13:09:50.625" level="INFO">Executing JavaScript:
window.scrollTo(0, 12000)
Without any arguments.</msg>
<status status="PASS" starttime="20220227 13:09:50.624" endtime="20220227 13:09:50.640"/>
</kw>
<kw name="Sleep" library="BuiltIn">
<arg>3s</arg>
<doc>Pauses the test executed for the given time.</doc>
<msg timestamp="20220227 13:09:53.641" level="INFO">Slept 3 seconds</msg>
<status status="PASS" starttime="20220227 13:09:50.640" endtime="20220227 13:09:53.641"/>
</kw>
<kw name="Wait Until Page Contains Element" library="SeleniumLibrary">
<arg>//*[@id="plpLayoutContainer"]/section[1]/div[2]/div[2]/div[2]/span[4]</arg>
<doc>Waits until the element ``locator`` appears on the current page.</doc>
<status status="PASS" starttime="20220227 13:09:53.641" endtime="20220227 13:09:53.654"/>
</kw>
<kw name="Click Element" library="SeleniumLibrary">
<arg>//*[@id="plpLayoutContainer"]/section[1]/div[2]/div[2]/div[2]/span[4]</arg>
<doc>Click the element identified by ``locator``.</doc>
<msg timestamp="20220227 13:09:53.655" level="INFO">Clicking element '//*[@id="plpLayoutContainer"]/section[1]/div[2]/div[2]/div[2]/span[4]'.</msg>
<status status="PASS" starttime="20220227 13:09:53.655" endtime="20220227 13:09:54.308"/>
</kw>
<kw name="Execute Javascript" library="SeleniumLibrary">
<arg>window.scrollTo(0, 400)</arg>
<doc>Executes the given JavaScript code with possible arguments.</doc>
<msg timestamp="20220227 13:09:54.310" level="INFO">Executing JavaScript:
window.scrollTo(0, 400)
Without any arguments.</msg>
<status status="PASS" starttime="20220227 13:09:54.309" endtime="20220227 13:09:54.689"/>
</kw>
<kw name="Sleep" library="BuiltIn">
<arg>3s</arg>
<doc>Pauses the test executed for the given time.</doc>
<msg timestamp="20220227 13:09:57.690" level="INFO">Slept 3 seconds</msg>
<status status="PASS" starttime="20220227 13:09:54.690" endtime="20220227 13:09:57.690"/>
</kw>
<kw name="Wait Until Element Is Visible" library="SeleniumLibrary">
<arg>(//h2[@class="ellipsis-2 text-body2-strong color-700"])[1]</arg>
<doc>Waits until the element ``locator`` is visible.</doc>
<status status="PASS" starttime="20220227 13:09:57.690" endtime="20220227 13:09:57.789"/>
</kw>
<kw name="Click Element" library="SeleniumLibrary">
<arg>(//h2[@class="ellipsis-2 text-body2-strong color-700"])[1]</arg>
<doc>Click the element identified by ``locator``.</doc>
<msg timestamp="20220227 13:09:57.790" level="INFO">Clicking element '(//h2[@class="ellipsis-2 text-body2-strong color-700"])[1]'.</msg>
<status status="PASS" starttime="20220227 13:09:57.789" endtime="20220227 13:09:58.301"/>
</kw>
<kw name="Sleep" library="BuiltIn">
<arg>10s</arg>
<doc>Pauses the test executed for the given time.</doc>
<msg timestamp="20220227 13:10:08.304" level="INFO">Slept 10 seconds</msg>
<status status="PASS" starttime="20220227 13:09:58.302" endtime="20220227 13:10:08.304"/>
</kw>
<kw name="Wait Until Element Is Visible" library="SeleniumLibrary">
<arg>//div[text()='خبرم کنید']</arg>
<doc>Waits until the element ``locator`` is visible.</doc>
<msg timestamp="20220227 13:11:08.912" level="INFO" html="true">&lt;/td&gt;&lt;/tr&gt;&lt;tr&gt;&lt;td colspan="3"&gt;&lt;a href="selenium-screenshot-12.png"&gt;&lt;img src="selenium-screenshot-12.png" width="800px"&gt;&lt;/a&gt;</msg>
<msg timestamp="20220227 13:11:09.055" level="FAIL">Element '//div[text()='خبرم کنید']' not visible after 1 minute.</msg>
<status status="FAIL" starttime="20220227 13:10:08.304" endtime="20220227 13:11:09.056"/>
</kw>
<kw name="Set Focus To Element" library="SeleniumLibrary">
<arg>//div[text()='خبرم کنید']</arg>
<doc>Sets the focus to the element identified by ``locator``.</doc>
<status status="NOT RUN" starttime="20220227 13:11:09.056" endtime="20220227 13:11:09.057"/>
</kw>
<kw name="Click Element" library="SeleniumLibrary">
<arg>//div[text()='خبرم کنید']</arg>
<doc>Click the element identified by ``locator``.</doc>
<status status="NOT RUN" starttime="20220227 13:11:09.057" endtime="20220227 13:11:09.057"/>
</kw>
<status status="FAIL" starttime="20220227 13:08:57.443" endtime="20220227 13:11:09.059"/>
</kw>
<kw name="last operations" library="CommonFunctionallity" type="TEARDOWN">
<kw name="Sleep" library="BuiltIn">
<arg>5s</arg>
<doc>Pauses the test executed for the given time.</doc>
<msg timestamp="20220227 13:11:14.079" level="INFO">Slept 5 seconds</msg>
<status status="PASS" starttime="20220227 13:11:09.063" endtime="20220227 13:11:14.079"/>
</kw>
<kw name="Close Browser" library="SeleniumLibrary">
<doc>Closes the current browser.</doc>
<status status="PASS" starttime="20220227 13:11:14.079" endtime="20220227 13:11:24.154"/>
</kw>
<status status="PASS" starttime="20220227 13:11:09.062" endtime="20220227 13:11:24.154"/>
</kw>
<doc>this test verifies availability of products in digikala</doc>
<tag>Cheking</tag>
<status status="FAIL" starttime="20220227 13:07:15.840" endtime="20220227 13:11:24.155">Element '//div[text()='خبرم کنید']' not visible after 1 minute.</status>
</test>
<doc>Cheking Availability of Products in Digikala</doc>
<status status="FAIL" starttime="20220227 13:07:15.413" endtime="20220227 13:11:24.158"/>
</suite>
<statistics>
<total>
<stat pass="0" fail="1" skip="0">All Tests</stat>
</total>
<tag>
<stat pass="0" fail="1" skip="0">Cheking</stat>
</tag>
<suite>
<stat pass="0" fail="1" skip="0" id="s1" name="CheckAvailability">CheckAvailability</stat>
</suite>
</statistics>
<errors>
</errors>
</robot>
