<?xml version="1.0" encoding="UTF-8"?>
<robot generator="Robot 4.1.3 (Python 3.9.0 on win32)" generated="20220306 12:49:41.986" rpa="false" schemaversion="2">
<suite id="s1" name="DigiLogin" source="C:\Users\D\Desktop\hani\AutoTest\UI\Test\DigiLogin.robot">
<test id="s1-t1" name="Verify Login in Digikala">
<kw name="first operations" library="CommonFunctionallity" type="SETUP">
<kw name="Set Selenium Speed" library="Selenium2Library">
<arg>${speed}</arg>
<doc>Sets the delay that is waited after each Selenium command.</doc>
<status status="PASS" starttime="20220306 12:49:46.921" endtime="20220306 12:49:46.921"/>
</kw>
<kw name="Set Selenium Timeout" library="Selenium2Library">
<arg>${timeout}</arg>
<doc>Sets the timeout that is used by various keywords.</doc>
<status status="PASS" starttime="20220306 12:49:46.921" endtime="20220306 12:49:46.921"/>
</kw>
<kw name="Open Browser" library="Selenium2Library">
<arg>${url}</arg>
<arg>${browser}</arg>
<doc>Opens a new browser instance to the optional ``url``.</doc>
<msg timestamp="20220306 12:49:46.921" level="INFO">Opening browser 'chrome' to base url 'https://www.digikala.com'.</msg>
<status status="PASS" starttime="20220306 12:49:46.921" endtime="20220306 12:50:42.055"/>
</kw>
<kw name="Maximize Browser Window" library="Selenium2Library">
<doc>Maximizes current browser window.</doc>
<status status="PASS" starttime="20220306 12:50:42.055" endtime="20220306 12:50:42.439"/>
</kw>
<status status="PASS" starttime="20220306 12:49:46.921" endtime="20220306 12:50:42.440"/>
</kw>
<kw name="Login Operations" library="LoginFunctionallity">
<kw name="Wait Until Element Is Visible" library="Selenium2Library">
<arg>${enter/register}</arg>
<doc>Waits until the element ``locator`` is visible.</doc>
<status status="PASS" starttime="20220306 12:50:42.444" endtime="20220306 12:50:42.839"/>
</kw>
<kw name="Click Element" library="Selenium2Library">
<arg>${enter/register}</arg>
<doc>Click the element identified by ``locator``.</doc>
<msg timestamp="20220306 12:50:42.840" level="INFO">Clicking element '//div[@class="d-flex ai-center jc-center relative grow-1" and text()='ورود | ثبت‌نام']'.</msg>
<status status="PASS" starttime="20220306 12:50:42.839" endtime="20220306 12:50:43.189"/>
</kw>
<kw name="Wait Until Element Is Visible" library="Selenium2Library">
<arg>${usernameTextBox}</arg>
<doc>Waits until the element ``locator`` is visible.</doc>
<status status="PASS" starttime="20220306 12:50:43.189" endtime="20220306 12:50:43.231"/>
</kw>
<kw name="Input Text" library="Selenium2Library">
<arg>${usernameTextBox}</arg>
<arg>${emailText}</arg>
<doc>Types the given ``text`` into the text field identified by ``locator``.</doc>
<msg timestamp="20220306 12:50:43.232" level="INFO">Typing text 'hanie.esmaeili.mt@gmail.com' into text field '//input[@type='text' and @name='username']'.</msg>
<status status="PASS" starttime="20220306 12:50:43.231" endtime="20220306 12:50:43.549"/>
</kw>
<kw name="Click Element" library="Selenium2Library">
<arg>${enter}</arg>
<doc>Click the element identified by ``locator``.</doc>
<msg timestamp="20220306 12:50:43.550" level="INFO">Clicking element '//div[text()='ورود']'.</msg>
<status status="PASS" starttime="20220306 12:50:43.549" endtime="20220306 12:50:43.625"/>
</kw>
<kw name="Wait Until Element Is Visible" library="Selenium2Library">
<arg>${passwordTextBox}</arg>
<doc>Waits until the element ``locator`` is visible.</doc>
<status status="PASS" starttime="20220306 12:50:43.625" endtime="20220306 12:50:43.743"/>
</kw>
<kw name="Input Text" library="Selenium2Library">
<arg>${passwordTextBox}</arg>
<arg>${passwordText}</arg>
<doc>Types the given ``text`` into the text field identified by ``locator``.</doc>
<msg timestamp="20220306 12:50:43.744" level="INFO">Typing text '889900mT' into text field '//input[@name='password']'.</msg>
<status status="PASS" starttime="20220306 12:50:43.743" endtime="20220306 12:50:43.837"/>
</kw>
<kw name="Click Element" library="Selenium2Library">
<arg>${confirm}</arg>
<doc>Click the element identified by ``locator``.</doc>
<msg timestamp="20220306 12:50:43.838" level="INFO">Clicking element '//div[text()='تایید']'.</msg>
<status status="PASS" starttime="20220306 12:50:43.838" endtime="20220306 12:50:43.901"/>
</kw>
<kw name="Wait Until Element Is Visible" library="Selenium2Library">
<arg>${checkAccountInfo}</arg>
<doc>Waits until the element ``locator`` is visible.</doc>
<status status="PASS" starttime="20220306 12:50:43.901" endtime="20220306 12:50:52.060"/>
</kw>
<kw name="Press Keys" library="Selenium2Library">
<arg>${checkAccountInfo}</arg>
<arg>[Return]</arg>
<doc>Simulates the user pressing key(s) to an element or on the active browser.</doc>
<msg timestamp="20220306 12:50:52.062" level="INFO">Sending key(s) ('[Return]',) to //div[@class='pos-relative pointer shrink-0 ml-2 ml-0-lg'] element.</msg>
<msg timestamp="20220306 12:50:54.521" level="INFO">Sending keys [Return]</msg>
<status status="PASS" starttime="20220306 12:50:52.061" endtime="20220306 12:50:54.590"/>
</kw>
<kw name="Page Should Contain" library="Selenium2Library">
<arg>${username}</arg>
<doc>Verifies that current page contains ``text``.</doc>
<msg timestamp="20220306 12:50:54.669" level="INFO">Current page contains text 'هانیه اسماعیلی'.</msg>
<status status="PASS" starttime="20220306 12:50:54.591" endtime="20220306 12:50:54.669"/>
</kw>
<kw name="Capture Page Screenshot" library="Selenium2Library">
<doc>Takes a screenshot of the current page and embeds it into a log file.</doc>
<msg timestamp="20220306 12:50:57.078" level="INFO" html="true">&lt;/td&gt;&lt;/tr&gt;&lt;tr&gt;&lt;td colspan="3"&gt;&lt;a href="selenium-screenshot-1.png"&gt;&lt;img src="selenium-screenshot-1.png" width="800px"&gt;&lt;/a&gt;</msg>
<status status="PASS" starttime="20220306 12:50:54.669" endtime="20220306 12:50:57.078"/>
</kw>
<kw name="Press Keys" library="Selenium2Library">
<arg>${checkAccountInfo}</arg>
<arg>[Return]</arg>
<doc>Simulates the user pressing key(s) to an element or on the active browser.</doc>
<msg timestamp="20220306 12:50:57.079" level="INFO">Sending key(s) ('[Return]',) to //div[@class='pos-relative pointer shrink-0 ml-2 ml-0-lg'] element.</msg>
<msg timestamp="20220306 12:50:57.387" level="INFO">Sending keys [Return]</msg>
<status status="PASS" starttime="20220306 12:50:57.078" endtime="20220306 12:50:57.415"/>
</kw>
<status status="PASS" starttime="20220306 12:50:42.443" endtime="20220306 12:50:57.416"/>
</kw>
<kw name="last operations" library="CommonFunctionallity" type="TEARDOWN">
<kw name="Sleep" library="BuiltIn">
<arg>3s</arg>
<doc>Pauses the test executed for the given time.</doc>
<msg timestamp="20220306 12:51:00.419" level="INFO">Slept 3 seconds</msg>
<status status="PASS" starttime="20220306 12:50:57.418" endtime="20220306 12:51:00.419"/>
</kw>
<kw name="Close Browser" library="Selenium2Library">
<doc>Closes the current browser.</doc>
<status status="PASS" starttime="20220306 12:51:00.419" endtime="20220306 12:51:02.937"/>
</kw>
<status status="PASS" starttime="20220306 12:50:57.417" endtime="20220306 12:51:02.937"/>
</kw>
<doc>this test verifies login in digikala website</doc>
<tag>Login</tag>
<status status="PASS" starttime="20220306 12:49:46.921" endtime="20220306 12:51:02.937"/>
</test>
<doc>Login Test in Digikala</doc>
<status status="PASS" starttime="20220306 12:49:41.986" endtime="20220306 12:51:02.937"/>
</suite>
<statistics>
<total>
<stat pass="1" fail="0" skip="0">All Tests</stat>
</total>
<tag>
<stat pass="1" fail="0" skip="0">Login</stat>
</tag>
<suite>
<stat pass="1" fail="0" skip="0" id="s1" name="DigiLogin">DigiLogin</stat>
</suite>
</statistics>
<errors>
</errors>
</robot>
