<?xml version="1.0" encoding="UTF-8"?>
<robot generator="Robot 4.1.3 (Python 3.9.0 on win32)" generated="20220319 14:30:49.639" rpa="false" schemaversion="2">
<suite id="s1" name="Scenario1" source="C:\Users\D\Desktop\hani\AutoTest\API\TestCases\Scenario1.robot">
<test id="s1-t1" name="Get On Session">
<kw name="Creating Session" library="ResourceOfScenario1">
<kw name="Create Session" library="RequestsLibrary">
<arg>firstSession</arg>
<arg>${url}</arg>
<doc>Create Session: create a HTTP session to a server</doc>
<msg timestamp="20220319 14:30:49.822" level="INFO">Creating Session using : alias=firstSession, url=https://gorest.co.in, headers={},                     cookies={}, auth=None, timeout=None, proxies=None, verify=False,                     debug=0 </msg>
<status status="PASS" starttime="20220319 14:30:49.821" endtime="20220319 14:30:49.822"/>
</kw>
<status status="PASS" starttime="20220319 14:30:49.821" endtime="20220319 14:30:49.822"/>
</kw>
<kw name="Headers &amp; Response" library="ResourceOfScenario1">
<kw name="Create Dictionary" library="BuiltIn">
<var>${headers}</var>
<arg>Content_Type=${Content_Type}</arg>
<arg>Accept=${Accept}</arg>
<doc>Creates and returns a dictionary based on the given ``items``.</doc>
<msg timestamp="20220319 14:30:49.825" level="INFO">${headers} = {'Content_Type': 'application/json', 'Accept': 'application/json'}</msg>
<status status="PASS" starttime="20220319 14:30:49.823" endtime="20220319 14:30:49.825"/>
</kw>
<kw name="Get Request" library="RequestsLibrary">
<var>${response}</var>
<arg>firstSession</arg>
<arg>${uri}</arg>
<doc>*DEPRECATED* Please use `GET On Session` instead.</doc>
<msg timestamp="20220319 14:30:49.825" level="WARN">Keyword 'RequestsLibrary.Get Request' is deprecated. Please use `GET On Session` instead.</msg>
<msg timestamp="20220319 14:30:52.339" level="INFO">GET Request : url=https://gorest.co.in/public/v1/posts/123/comments 
 path_url=/public/v1/posts/123/comments 
 headers={'User-Agent': 'python-requests/2.27.1', 'Accept-Encoding': 'gzip, deflate', 'Accept': '*/*', 'Connection': 'keep-alive'} 
 body=None 
 </msg>
<msg timestamp="20220319 14:30:52.339" level="INFO">GET Response : url=https://gorest.co.in/public/v1/posts/123/comments 
 status=200, reason=OK 
 headers={'Server': 'nginx', 'Date': 'Sat, 19 Mar 2022 21:30:51 GMT', 'Content-Type': 'application/json; charset=utf-8', 'Transfer-Encoding': 'chunked', 'Connection': 'keep-alive', 'Vary': 'Accept-Encoding, Origin', 'X-Frame-Options': 'SAMEORIGIN', 'X-XSS-Protection': '0', 'X-Content-Type-Options': 'nosniff', 'X-Download-Options': 'noopen', 'X-Permitted-Cross-Domain-Policies': 'none', 'Referrer-Policy': 'strict-origin-when-cross-origin', 'ETag': 'W/"996e3e39561b73e0aaf72fec3fa2ca2d"', 'Cache-Control': 'max-age=0, private, must-revalidate', 'X-Request-Id': '8189e21a-af51-4c9d-a9fa-fb5859f5116c', 'X-Runtime': '0.007001', 'Strict-Transport-Security': 'max-age=63072000; includeSubDomains', 'Content-Encoding': 'gzip'} 
 body={"meta":{"pagination":{"total":0,"pages":0,"page":1,"limit":20,"links":{"previous":null,"current":null,"next":null}}},"data":[]} 
 </msg>
<msg timestamp="20220319 14:30:52.339" level="INFO">c:\users\d\appdata\local\programs\python\python39\lib\site-packages\urllib3\connectionpool.py:1013: InsecureRequestWarning: Unverified HTTPS request is being made to host 'gorest.co.in'. Adding certificate verification is strongly advised. See: https://urllib3.readthedocs.io/en/1.26.x/advanced-usage.html#ssl-warnings
  warnings.warn(</msg>
<msg timestamp="20220319 14:30:52.340" level="INFO">${response} = &lt;Response [200]&gt;</msg>
<status status="PASS" starttime="20220319 14:30:49.825" endtime="20220319 14:30:52.341"/>
</kw>
<kw name="Set Test Variable" library="BuiltIn">
<arg>${response}</arg>
<doc>Makes a variable available everywhere within the scope of the current test.</doc>
<msg timestamp="20220319 14:30:52.341" level="INFO">${response} = &lt;Response [200]&gt;</msg>
<status status="PASS" starttime="20220319 14:30:52.341" endtime="20220319 14:30:52.342"/>
</kw>
<status status="PASS" starttime="20220319 14:30:49.823" endtime="20220319 14:30:52.342"/>
</kw>
<kw name="Log To Console Variables" library="ResourceOfScenario1">
<kw name="Log To Console" library="BuiltIn">
<arg>${response.status_code}</arg>
<doc>Logs the given message to the console.</doc>
<status status="PASS" starttime="20220319 14:30:52.343" endtime="20220319 14:30:52.344"/>
</kw>
<kw name="Log To Console" library="BuiltIn">
<arg>${response}</arg>
<doc>Logs the given message to the console.</doc>
<status status="PASS" starttime="20220319 14:30:52.345" endtime="20220319 14:30:52.346"/>
</kw>
<kw name="Log To Console" library="BuiltIn">
<arg>${response.headers}</arg>
<doc>Logs the given message to the console.</doc>
<status status="PASS" starttime="20220319 14:30:52.346" endtime="20220319 14:30:52.349"/>
</kw>
<status status="PASS" starttime="20220319 14:30:52.342" endtime="20220319 14:30:52.349"/>
</kw>
<kw name="Validation Of Status_Code" library="ResourceOfScenario1">
<kw name="Convert To String" library="BuiltIn">
<var>${status_code}</var>
<arg>${response.status_code}</arg>
<doc>Converts the given item to a Unicode string.</doc>
<msg timestamp="20220319 14:30:52.352" level="INFO">${status_code} = 200</msg>
<status status="PASS" starttime="20220319 14:30:52.351" endtime="20220319 14:30:52.352"/>
</kw>
<kw name="Should Be Equal" library="BuiltIn">
<arg>${status_code}</arg>
<arg>200</arg>
<doc>Fails if the given objects are unequal.</doc>
<status status="PASS" starttime="20220319 14:30:52.352" endtime="20220319 14:30:52.354"/>
</kw>
<status status="PASS" starttime="20220319 14:30:52.350" endtime="20220319 14:30:52.355"/>
</kw>
<kw name="Validation Of Body" library="ResourceOfScenario1">
<kw name="Convert To String" library="BuiltIn">
<var>${body}</var>
<arg>${response.content}</arg>
<doc>Converts the given item to a Unicode string.</doc>
<msg timestamp="20220319 14:30:52.362" level="INFO">${body} = {"meta":{"pagination":{"total":0,"pages":0,"page":1,"limit":20,"links":{"previous":null,"current":null,"next":null}}},"data":[]}</msg>
<status status="PASS" starttime="20220319 14:30:52.357" endtime="20220319 14:30:52.362"/>
</kw>
<kw name="Should Contain" library="BuiltIn">
<arg>${body}</arg>
<arg>"page":1</arg>
<doc>Fails if ``container`` does not contain ``item`` one or more times.</doc>
<status status="PASS" starttime="20220319 14:30:52.363" endtime="20220319 14:30:52.364"/>
</kw>
<kw name="Should Contain" library="BuiltIn">
<arg>${body}</arg>
<arg>"data":[]</arg>
<doc>Fails if ``container`` does not contain ``item`` one or more times.</doc>
<status status="PASS" starttime="20220319 14:30:52.365" endtime="20220319 14:30:52.366"/>
</kw>
<status status="PASS" starttime="20220319 14:30:52.356" endtime="20220319 14:30:52.366"/>
</kw>
<status status="PASS" starttime="20220319 14:30:49.820" endtime="20220319 14:30:52.368"/>
</test>
<status status="PASS" starttime="20220319 14:30:49.641" endtime="20220319 14:30:52.371"/>
</suite>
<statistics>
<total>
<stat pass="1" fail="0" skip="0">All Tests</stat>
</total>
<tag>
</tag>
<suite>
<stat pass="1" fail="0" skip="0" id="s1" name="Scenario1">Scenario1</stat>
</suite>
</statistics>
<errors>
<msg timestamp="20220319 14:30:49.825" level="WARN">Keyword 'RequestsLibrary.Get Request' is deprecated. Please use `GET On Session` instead.</msg>
</errors>
</robot>
